{"C:\\Users\\lagos\\OneDrive\\Escritorio\\administrador-productos\\server\\src\\router.ts": {"path":"C:\\Users\\lagos\\OneDrive\\Escritorio\\administrador-productos\\server\\src\\router.ts","statementMap":{"0":{"start":{"line":1,"column":0},"end":{"line":1,"column":33}},"1":{"start":{"line":2,"column":0},"end":{"line":2,"column":null}},"2":{"start":{"line":10,"column":0},"end":{"line":10,"column":48}},"3":{"start":{"line":11,"column":0},"end":{"line":11,"column":50}},"4":{"start":{"line":13,"column":15},"end":{"line":13,"column":23}},"5":{"start":{"line":15,"column":0},"end":{"line":15,"column":29}},"6":{"start":{"line":17,"column":0},"end":{"line":22,"column":2}},"7":{"start":{"line":19,"column":21},"end":{"line":19,"column":30}},"8":{"start":{"line":25,"column":0},"end":{"line":33,"column":2}},"9":{"start":{"line":30,"column":21},"end":{"line":30,"column":30}},"10":{"start":{"line":35,"column":0},"end":{"line":45,"column":2}},"11":{"start":{"line":40,"column":21},"end":{"line":40,"column":30}},"12":{"start":{"line":47,"column":0},"end":{"line":52,"column":2}},"13":{"start":{"line":49,"column":21},"end":{"line":49,"column":30}},"14":{"start":{"line":54,"column":0},"end":{"line":59,"column":2}},"15":{"start":{"line":56,"column":21},"end":{"line":56,"column":30}},"16":{"start":{"line":62,"column":0},"end":{"line":62,"column":22}}},"fnMap":{"0":{"name":"(anonymous_0)","decl":{"start":{"line":19,"column":12},"end":{"line":19,"column":17}},"loc":{"start":{"line":19,"column":21},"end":{"line":19,"column":30}}},"1":{"name":"(anonymous_1)","decl":{"start":{"line":30,"column":12},"end":{"line":30,"column":17}},"loc":{"start":{"line":30,"column":21},"end":{"line":30,"column":30}}},"2":{"name":"(anonymous_2)","decl":{"start":{"line":40,"column":12},"end":{"line":40,"column":17}},"loc":{"start":{"line":40,"column":21},"end":{"line":40,"column":30}}},"3":{"name":"(anonymous_3)","decl":{"start":{"line":49,"column":12},"end":{"line":49,"column":17}},"loc":{"start":{"line":49,"column":21},"end":{"line":49,"column":30}}},"4":{"name":"(anonymous_4)","decl":{"start":{"line":56,"column":12},"end":{"line":56,"column":17}},"loc":{"start":{"line":56,"column":21},"end":{"line":56,"column":30}}}},"branchMap":{},"s":{"0":2,"1":2,"2":2,"3":2,"4":2,"5":2,"6":2,"7":2,"8":2,"9":3,"10":2,"11":0,"12":2,"13":1,"14":2,"15":1,"16":2},"f":{"0":2,"1":3,"2":0,"3":1,"4":1},"b":{}}
,"C:\\Users\\lagos\\OneDrive\\Escritorio\\administrador-productos\\server\\src\\server.ts": {"path":"C:\\Users\\lagos\\OneDrive\\Escritorio\\administrador-productos\\server\\src\\server.ts","statementMap":{"0":{"start":{"line":1,"column":0},"end":{"line":1,"column":30}},"1":{"start":{"line":2,"column":0},"end":{"line":2,"column":30}},"2":{"start":{"line":3,"column":0},"end":{"line":3,"column":29}},"3":{"start":{"line":4,"column":0},"end":{"line":4,"column":28}},"4":{"start":{"line":9,"column":2},"end":{"line":17,"column":3}},"5":{"start":{"line":10,"column":4},"end":{"line":10,"column":14}},"6":{"start":{"line":11,"column":4},"end":{"line":11,"column":65}},"7":{"start":{"line":12,"column":4},"end":{"line":12,"column":28}},"8":{"start":{"line":15,"column":4},"end":{"line":15,"column":23}},"9":{"start":{"line":16,"column":4},"end":{"line":16,"column":65}},"10":{"start":{"line":21,"column":0},"end":{"line":21,"column":12}},"11":{"start":{"line":23,"column":12},"end":{"line":23,"column":21}},"12":{"start":{"line":25,"column":0},"end":{"line":25,"column":24}},"13":{"start":{"line":26,"column":0},"end":{"line":26,"column":33}},"14":{"start":{"line":28,"column":0},"end":{"line":30,"column":null}},"15":{"start":{"line":29,"column":2},"end":{"line":29,"column":44}},"16":{"start":{"line":32,"column":0},"end":{"line":32,"column":19}}},"fnMap":{"0":{"name":"connectDB","decl":{"start":{"line":8,"column":15},"end":{"line":8,"column":24}},"loc":{"start":{"line":8,"column":24},"end":{"line":19,"column":1}}},"1":{"name":"(anonymous_2)","decl":{"start":{"line":28,"column":16},"end":{"line":28,"column":17}},"loc":{"start":{"line":28,"column":29},"end":{"line":30,"column":1}}}},"branchMap":{},"s":{"0":2,"1":2,"2":2,"3":2,"4":2,"5":2,"6":2,"7":2,"8":0,"9":0,"10":2,"11":2,"12":2,"13":2,"14":2,"15":1,"16":2},"f":{"0":2,"1":1},"b":{}}
,"C:\\Users\\lagos\\OneDrive\\Escritorio\\administrador-productos\\server\\src\\config\\db.ts": {"path":"C:\\Users\\lagos\\OneDrive\\Escritorio\\administrador-productos\\server\\src\\config\\db.ts","statementMap":{"0":{"start":{"line":1,"column":0},"end":{"line":1,"column":49}},"1":{"start":{"line":2,"column":0},"end":{"line":2,"column":28}},"2":{"start":{"line":4,"column":0},"end":{"line":4,"column":16}},"3":{"start":{"line":6,"column":11},"end":{"line":9,"column":2}},"4":{"start":{"line":11,"column":0},"end":{"line":11,"column":18}}},"fnMap":{},"branchMap":{},"s":{"0":2,"1":2,"2":2,"3":2,"4":2},"f":{},"b":{}}
,"C:\\Users\\lagos\\OneDrive\\Escritorio\\administrador-productos\\server\\src\\handlers\\product.ts": {"path":"C:\\Users\\lagos\\OneDrive\\Escritorio\\administrador-productos\\server\\src\\handlers\\product.ts","statementMap":{"0":{"start":{"line":2,"column":0},"end":{"line":2,"column":46}},"1":{"start":{"line":5,"column":27},"end":{"line":17,"column":1}},"2":{"start":{"line":6,"column":2},"end":{"line":16,"column":3}},"3":{"start":{"line":7,"column":21},"end":{"line":11,"column":6}},"4":{"start":{"line":12,"column":4},"end":{"line":12,"column":33}},"5":{"start":{"line":15,"column":4},"end":{"line":15,"column":23}},"6":{"start":{"line":5,"column":13},"end":{"line":5,"column":27}},"7":{"start":{"line":19,"column":29},"end":{"line":36,"column":1}},"8":{"start":{"line":20,"column":2},"end":{"line":35,"column":3}},"9":{"start":{"line":21,"column":20},"end":{"line":25,"column":6}},"10":{"start":{"line":27,"column":4},"end":{"line":29,"column":5}},"11":{"start":{"line":28,"column":6},"end":{"line":28,"column":67}},"12":{"start":{"line":31,"column":4},"end":{"line":31,"column":32}},"13":{"start":{"line":34,"column":4},"end":{"line":34,"column":23}},"14":{"start":{"line":19,"column":13},"end":{"line":19,"column":29}},"15":{"start":{"line":38,"column":29},"end":{"line":51,"column":1}},"16":{"start":{"line":43,"column":2},"end":{"line":49,"column":3}},"17":{"start":{"line":44,"column":20},"end":{"line":44,"column":50}},"18":{"start":{"line":45,"column":4},"end":{"line":45,"column":44}},"19":{"start":{"line":48,"column":4},"end":{"line":48,"column":23}},"20":{"start":{"line":38,"column":13},"end":{"line":38,"column":29}},"21":{"start":{"line":53,"column":29},"end":{"line":72,"column":1}},"22":{"start":{"line":55,"column":2},"end":{"line":71,"column":3}},"23":{"start":{"line":56,"column":19},"end":{"line":56,"column":29}},"24":{"start":{"line":57,"column":20},"end":{"line":57,"column":46}},"25":{"start":{"line":59,"column":4},"end":{"line":61,"column":5}},"26":{"start":{"line":60,"column":6},"end":{"line":60,"column":67}},"27":{"start":{"line":64,"column":4},"end":{"line":64,"column":35}},"28":{"start":{"line":65,"column":4},"end":{"line":65,"column":25}},"29":{"start":{"line":67,"column":4},"end":{"line":67,"column":32}},"30":{"start":{"line":70,"column":4},"end":{"line":70,"column":23}},"31":{"start":{"line":53,"column":13},"end":{"line":53,"column":29}},"32":{"start":{"line":74,"column":34},"end":{"line":92,"column":1}},"33":{"start":{"line":75,"column":2},"end":{"line":91,"column":3}},"34":{"start":{"line":76,"column":19},"end":{"line":76,"column":29}},"35":{"start":{"line":77,"column":20},"end":{"line":77,"column":46}},"36":{"start":{"line":79,"column":4},"end":{"line":81,"column":5}},"37":{"start":{"line":80,"column":6},"end":{"line":80,"column":67}},"38":{"start":{"line":84,"column":4},"end":{"line":84,"column":60}},"39":{"start":{"line":85,"column":4},"end":{"line":85,"column":25}},"40":{"start":{"line":87,"column":4},"end":{"line":87,"column":32}},"41":{"start":{"line":90,"column":4},"end":{"line":90,"column":23}},"42":{"start":{"line":74,"column":13},"end":{"line":74,"column":34}},"43":{"start":{"line":94,"column":29},"end":{"line":112,"column":1}},"44":{"start":{"line":95,"column":2},"end":{"line":111,"column":3}},"45":{"start":{"line":96,"column":19},"end":{"line":96,"column":29}},"46":{"start":{"line":97,"column":27},"end":{"line":101,"column":6}},"47":{"start":{"line":103,"column":4},"end":{"line":105,"column":5}},"48":{"start":{"line":104,"column":6},"end":{"line":104,"column":66}},"49":{"start":{"line":107,"column":4},"end":{"line":107,"column":58}},"50":{"start":{"line":110,"column":4},"end":{"line":110,"column":23}},"51":{"start":{"line":94,"column":13},"end":{"line":94,"column":29}}},"fnMap":{"0":{"name":"(anonymous_1)","decl":{"start":{"line":5,"column":27},"end":{"line":5,"column":32}},"loc":{"start":{"line":5,"column":65},"end":{"line":17,"column":1}}},"1":{"name":"(anonymous_2)","decl":{"start":{"line":19,"column":29},"end":{"line":19,"column":34}},"loc":{"start":{"line":19,"column":67},"end":{"line":36,"column":1}}},"2":{"name":"(anonymous_3)","decl":{"start":{"line":38,"column":29},"end":{"line":38,"column":34}},"loc":{"start":{"line":38,"column":67},"end":{"line":51,"column":1}}},"3":{"name":"(anonymous_4)","decl":{"start":{"line":53,"column":29},"end":{"line":53,"column":34}},"loc":{"start":{"line":53,"column":67},"end":{"line":72,"column":1}}},"4":{"name":"(anonymous_5)","decl":{"start":{"line":74,"column":34},"end":{"line":74,"column":39}},"loc":{"start":{"line":74,"column":72},"end":{"line":92,"column":1}}},"5":{"name":"(anonymous_6)","decl":{"start":{"line":94,"column":29},"end":{"line":94,"column":34}},"loc":{"start":{"line":94,"column":67},"end":{"line":112,"column":1}}}},"branchMap":{"0":{"loc":{"start":{"line":27,"column":4},"end":{"line":29,"column":5}},"type":"if","locations":[{"start":{"line":27,"column":4},"end":{"line":29,"column":5}}]},"1":{"loc":{"start":{"line":59,"column":4},"end":{"line":61,"column":5}},"type":"if","locations":[{"start":{"line":59,"column":4},"end":{"line":61,"column":5}}]},"2":{"loc":{"start":{"line":79,"column":4},"end":{"line":81,"column":5}},"type":"if","locations":[{"start":{"line":79,"column":4},"end":{"line":81,"column":5}}]},"3":{"loc":{"start":{"line":103,"column":4},"end":{"line":105,"column":5}},"type":"if","locations":[{"start":{"line":103,"column":4},"end":{"line":105,"column":5}}]}},"s":{"0":2,"1":2,"2":1,"3":1,"4":1,"5":0,"6":2,"7":2,"8":1,"9":1,"10":1,"11":1,"12":0,"13":0,"14":2,"15":2,"16":1,"17":1,"18":1,"19":0,"20":2,"21":2,"22":0,"23":0,"24":0,"25":0,"26":0,"27":0,"28":0,"29":0,"30":0,"31":2,"32":2,"33":1,"34":1,"35":1,"36":1,"37":1,"38":0,"39":0,"40":0,"41":0,"42":2,"43":2,"44":0,"45":0,"46":0,"47":0,"48":0,"49":0,"50":0,"51":2},"f":{"0":1,"1":1,"2":1,"3":0,"4":1,"5":0},"b":{"0":[1],"1":[0],"2":[1],"3":[0]}}
,"C:\\Users\\lagos\\OneDrive\\Escritorio\\administrador-productos\\server\\src\\middlewares\\index.ts": {"path":"C:\\Users\\lagos\\OneDrive\\Escritorio\\administrador-productos\\server\\src\\middlewares\\index.ts","statementMap":{"0":{"start":{"line":2,"column":0},"end":{"line":2,"column":53}},"1":{"start":{"line":4,"column":33},"end":{"line":13,"column":1}},"2":{"start":{"line":7,"column":15},"end":{"line":7,"column":36}},"3":{"start":{"line":8,"column":2},"end":{"line":10,"column":3}},"4":{"start":{"line":9,"column":4},"end":{"line":9,"column":null}},"5":{"start":{"line":12,"column":2},"end":{"line":12,"column":9}},"6":{"start":{"line":4,"column":13},"end":{"line":4,"column":33}}},"fnMap":{"0":{"name":"(anonymous_0)","decl":{"start":{"line":4,"column":33},"end":{"line":4,"column":34}},"loc":{"start":{"line":4,"column":85},"end":{"line":13,"column":1}}}},"branchMap":{"0":{"loc":{"start":{"line":8,"column":2},"end":{"line":10,"column":3}},"type":"if","locations":[{"start":{"line":8,"column":2},"end":{"line":10,"column":3}}]}},"s":{"0":2,"1":2,"2":7,"3":7,"4":4,"5":3,"6":2},"f":{"0":7},"b":{"0":[4]}}
,"C:\\Users\\lagos\\OneDrive\\Escritorio\\administrador-productos\\server\\src\\models\\Product.model.ts": {"path":"C:\\Users\\lagos\\OneDrive\\Escritorio\\administrador-productos\\server\\src\\models\\Product.model.ts","statementMap":{"0":{"start":{"line":1,"column":0},"end":{"line":1,"column":null}},"1":{"start":{"line":14,"column":0},"end":{"line":31,"column":null}},"2":{"start":{"line":18,"column":10},"end":{"line":18,"column":null}},"3":{"start":{"line":23,"column":10},"end":{"line":23,"column":null}},"4":{"start":{"line":29,"column":10},"end":{"line":29,"column":null}},"5":{"start":{"line":14,"column":6},"end":{"line":31,"column":null}},"6":{"start":{"line":33,"column":0},"end":{"line":33,"column":23}}},"fnMap":{},"branchMap":{},"s":{"0":2,"1":2,"2":2,"3":2,"4":2,"5":2,"6":2},"f":{},"b":{}}
}
