TN:
SF:src\router.ts
FN:19,(anonymous_0)
FN:30,(anonymous_1)
FN:40,(anonymous_2)
FN:49,(anonymous_3)
FN:56,(anonymous_4)
FNF:5
FNH:4
FNDA:2,(anonymous_0)
FNDA:3,(anonymous_1)
FNDA:0,(anonymous_2)
FNDA:1,(anonymous_3)
FNDA:1,(anonymous_4)
DA:1,2
DA:2,2
DA:10,2
DA:11,2
DA:13,2
DA:15,2
DA:17,2
DA:19,2
DA:25,2
DA:30,3
DA:35,2
DA:40,0
DA:47,2
DA:49,1
DA:54,2
DA:56,1
DA:62,2
LF:17
LH:16
BRF:0
BRH:0
end_of_record
TN:
SF:src\server.ts
FN:8,connectDB
FN:28,(anonymous_2)
FNF:2
FNH:2
FNDA:2,connectDB
FNDA:1,(anonymous_2)
DA:1,2
DA:2,2
DA:3,2
DA:4,2
DA:9,2
DA:10,2
DA:11,2
DA:12,2
DA:15,0
DA:16,0
DA:21,2
DA:23,2
DA:25,2
DA:26,2
DA:28,2
DA:29,1
DA:32,2
LF:17
LH:15
BRF:0
BRH:0
end_of_record
TN:
SF:src\config\db.ts
FNF:0
FNH:0
DA:1,2
DA:2,2
DA:4,2
DA:6,2
DA:11,2
LF:5
LH:5
BRF:0
BRH:0
end_of_record
TN:
SF:src\handlers\product.ts
FN:5,(anonymous_1)
FN:19,(anonymous_2)
FN:38,(anonymous_3)
FN:53,(anonymous_4)
FN:74,(anonymous_5)
FN:94,(anonymous_6)
FNF:6
FNH:4
FNDA:1,(anonymous_1)
FNDA:1,(anonymous_2)
FNDA:1,(anonymous_3)
FNDA:0,(anonymous_4)
FNDA:1,(anonymous_5)
FNDA:0,(anonymous_6)
DA:2,2
DA:5,2
DA:6,1
DA:7,1
DA:12,1
DA:15,0
DA:19,2
DA:20,1
DA:21,1
DA:27,1
DA:28,1
DA:31,0
DA:34,0
DA:38,2
DA:43,1
DA:44,1
DA:45,1
DA:48,0
DA:53,2
DA:55,0
DA:56,0
DA:57,0
DA:59,0
DA:60,0
DA:64,0
DA:65,0
DA:67,0
DA:70,0
DA:74,2
DA:75,1
DA:76,1
DA:77,1
DA:79,1
DA:80,1
DA:84,0
DA:85,0
DA:87,0
DA:90,0
DA:94,2
DA:95,0
DA:96,0
DA:97,0
DA:103,0
DA:104,0
DA:107,0
DA:110,0
LF:46
LH:22
BRDA:27,0,0,1
BRDA:59,1,0,0
BRDA:79,2,0,1
BRDA:103,3,0,0
BRF:4
BRH:2
end_of_record
TN:
SF:src\middlewares\index.ts
FN:4,(anonymous_0)
FNF:1
FNH:1
FNDA:7,(anonymous_0)
DA:2,2
DA:4,2
DA:7,7
DA:8,7
DA:9,4
DA:12,3
LF:6
LH:6
BRDA:8,0,0,4
BRF:1
BRH:1
end_of_record
TN:
SF:src\models\Product.model.ts
FNF:0
FNH:0
DA:1,2
DA:14,2
DA:18,2
DA:23,2
DA:29,2
DA:33,2
LF:6
LH:6
BRF:0
BRH:0
end_of_record
